2024-08-22 10:12:14 - logger_handler.py - [line:146] - DEBUG - [日志信息]: ----------测试开始----------
2024-08-22 10:12:14 - logger_handler.py - [line:146] - DEBUG - [日志信息]: 浏览器最大化
2024-08-22 10:12:15 - logger_handler.py - [line:146] - DEBUG - [日志信息]: 读取url：https://localhost:9072/#/user/login?redirect=%2Foverview%2Fdashboard
2024-08-22 10:12:15 - logger_handler.py - [line:146] - DEBUG - [日志信息]: 正在定位元素信息：定位方式->  xpath, 元素值->  //div[@class='nav-wrapper']//button[3]
2024-08-22 10:12:15 - logger_handler.py - [line:146] - DEBUG - [日志信息]: 点击元素：('xpath', "//div[@class='nav-wrapper']//button[3]")
2024-08-22 10:12:15 - logger_handler.py - [line:146] - DEBUG - [日志信息]: 正在定位元素信息：定位方式->  xpath, 元素值->  //a[@class='small-link']
2024-08-22 10:12:17 - logger_handler.py - [line:146] - DEBUG - [日志信息]: 点击元素：('xpath', "//a[@class='small-link']")
2024-08-22 10:12:17 - logger_handler.py - [line:146] - DEBUG - [日志信息]: 正在定位元素信息：定位方式->  xpath, 元素值->  //p[@class='a-logo']
2024-08-22 10:12:18 - logger_handler.py - [line:146] - DEBUG - [日志信息]: 正在定位元素信息：定位方式->  id, 元素值->  username
2024-08-22 10:12:19 - logger_handler.py - [line:146] - DEBUG - [日志信息]: --->  输入的值：admin
2024-08-22 10:12:20 - logger_handler.py - [line:146] - DEBUG - [日志信息]: 正在定位元素信息：定位方式->  id, 元素值->  password
2024-08-22 10:12:21 - logger_handler.py - [line:146] - DEBUG - [日志信息]: --->  输入的值：admin
2024-08-22 10:12:21 - logger_handler.py - [line:146] - DEBUG - [日志信息]: 正在定位元素信息：定位方式->  xpath, 元素值->  //button[@type='submit']
2024-08-22 10:12:21 - logger_handler.py - [line:146] - DEBUG - [日志信息]: 点击元素：('xpath', "//button[@type='submit']")
2024-08-22 10:12:26 - logger_handler.py - [line:146] - DEBUG - [日志信息]: 正在定位元素信息：定位方式->  xpath, 元素值->  //ul[@role='menu']//li[3]//div[@aria-haspopup='true']
2024-08-22 10:12:29 - logger_handler.py - [line:146] - DEBUG - [日志信息]: 点击元素：('xpath', "//ul[@role='menu']//li[3]//div[@aria-haspopup='true']")
2024-08-22 10:12:29 - logger_handler.py - [line:146] - DEBUG - [日志信息]: 正在定位元素信息：定位方式->  xpath, 元素值->  //ul[@role="menu"]//li[3]//div[@aria-haspopup="true"]/../ul/li[4]
2024-08-22 10:12:30 - logger_handler.py - [line:146] - DEBUG - [日志信息]: 点击元素：('xpath', '//ul[@role="menu"]//li[3]//div[@aria-haspopup="true"]/../ul/li[4]')
2024-08-22 10:12:30 - logger_handler.py - [line:146] - DEBUG - [日志信息]: 正在定位元素信息：定位方式->  xpath, 元素值->  //div[@class="ant-space ant-space-horizontal ant-space-align-center"]/div[1]/button
2024-08-22 10:12:30 - logger_handler.py - [line:146] - DEBUG - [日志信息]: 点击元素：('xpath', '//div[@class="ant-space ant-space-horizontal ant-space-align-center"]/div[1]/button')
2024-08-22 10:12:31 - logger_handler.py - [line:146] - DEBUG - [日志信息]: 正在定位元素信息：定位方式->  id, 元素值->  devedit_addr
2024-08-22 10:12:32 - logger_handler.py - [line:146] - DEBUG - [日志信息]: --->  输入的值：192.168.4.229
2024-08-22 10:12:33 - logger_handler.py - [line:146] - DEBUG - [日志信息]: 正在定位元素信息：定位方式->  id, 元素值->  devedit_userName
2024-08-22 10:12:34 - logger_handler.py - [line:146] - DEBUG - [日志信息]: --->  输入的值：administrator
2024-08-22 10:12:35 - logger_handler.py - [line:146] - DEBUG - [日志信息]: 正在定位元素信息：定位方式->  id, 元素值->  devedit_passWord
2024-08-22 10:12:36 - logger_handler.py - [line:146] - DEBUG - [日志信息]: --->  输入的值：`1q
2024-08-22 10:12:36 - logger_handler.py - [line:146] - DEBUG - [日志信息]: 正在定位元素信息：定位方式->  xpath, 元素值->  //div[@class='subottom']//button[2]
2024-08-22 10:12:36 - logger_handler.py - [line:146] - DEBUG - [日志信息]: 点击元素：('xpath', "//div[@class='subottom']//button[2]")
2024-08-22 10:12:36 - logger_handler.py - [line:146] - DEBUG - [日志信息]: 正在定位元素信息：定位方式->  xpath, 元素值->  //ul[@role='menu']//li[3]//div[@aria-haspopup='true']
2024-08-22 10:12:37 - logger_handler.py - [line:151] - ERROR - [日志信息]: 点击事件被拦截，尝试重试操作次数 1
2024-08-22 10:12:47 - logger_handler.py - [line:146] - DEBUG - [日志信息]: 正在定位元素信息：定位方式->  xpath, 元素值->  //ul[@role='menu']//li[3]//div[@aria-haspopup='true']
2024-08-22 10:12:48 - logger_handler.py - [line:151] - ERROR - [日志信息]: 点击事件被拦截，尝试重试操作次数 2
2024-08-22 10:12:59 - logger_handler.py - [line:146] - DEBUG - [日志信息]: 正在定位元素信息：定位方式->  xpath, 元素值->  //ul[@role='menu']//li[3]//div[@aria-haspopup='true']
2024-08-22 10:13:00 - logger_handler.py - [line:151] - ERROR - [日志信息]: 点击事件被拦截，尝试重试操作次数 3
2024-08-22 10:13:10 - logger_handler.py - [line:146] - DEBUG - [日志信息]: 正在定位元素信息：定位方式->  xpath, 元素值->  //ul[@role='menu']//li[3]//div[@aria-haspopup='true']
2024-08-22 10:13:11 - logger_handler.py - [line:151] - ERROR - [日志信息]: 点击事件被拦截，尝试重试操作次数 4
2024-08-22 10:13:21 - logger_handler.py - [line:146] - DEBUG - [日志信息]: 正在定位元素信息：定位方式->  xpath, 元素值->  //ul[@role='menu']//li[3]//div[@aria-haspopup='true']
2024-08-22 10:13:22 - logger_handler.py - [line:151] - ERROR - [日志信息]: 点击事件被拦截，尝试重试操作次数 5
2024-08-22 10:13:32 - logger_handler.py - [line:146] - DEBUG - [日志信息]: 正在定位元素信息：定位方式->  xpath, 元素值->  //ul[@role='menu']//li[3]//div[@aria-haspopup='true']
2024-08-22 10:13:33 - logger_handler.py - [line:151] - ERROR - [日志信息]: 点击事件被拦截，尝试重试操作次数 6
2024-08-22 10:13:43 - logger_handler.py - [line:146] - DEBUG - [日志信息]: 正在定位元素信息：定位方式->  xpath, 元素值->  //ul[@role='menu']//li[3]//div[@aria-haspopup='true']
2024-08-22 10:13:44 - logger_handler.py - [line:151] - ERROR - [日志信息]: 点击事件被拦截，尝试重试操作次数 7
2024-08-22 10:13:54 - logger_handler.py - [line:146] - DEBUG - [日志信息]: 正在定位元素信息：定位方式->  xpath, 元素值->  //ul[@role='menu']//li[3]//div[@aria-haspopup='true']
2024-08-22 10:13:55 - logger_handler.py - [line:151] - ERROR - [日志信息]: 点击事件被拦截，尝试重试操作次数 8
2024-08-22 10:14:05 - logger_handler.py - [line:146] - DEBUG - [日志信息]: 正在定位元素信息：定位方式->  xpath, 元素值->  //ul[@role='menu']//li[3]//div[@aria-haspopup='true']
2024-08-22 10:14:05 - logger_handler.py - [line:146] - DEBUG - [日志信息]: 点击元素：('xpath', "//ul[@role='menu']//li[3]//div[@aria-haspopup='true']")
2024-08-22 10:14:05 - logger_handler.py - [line:146] - DEBUG - [日志信息]: 正在定位元素信息：定位方式->  xpath, 元素值->  //ul[@role="menu"]//li[3]//div[@aria-haspopup="true"]/../ul/li[5]
2024-08-22 10:14:05 - logger_handler.py - [line:146] - DEBUG - [日志信息]: 点击元素：('xpath', '//ul[@role="menu"]//li[3]//div[@aria-haspopup="true"]/../ul/li[5]')
2024-08-22 10:14:05 - logger_handler.py - [line:146] - DEBUG - [日志信息]: 正在定位元素信息：定位方式->  xpath, 元素值->  //div[@class="ant-space ant-space-horizontal ant-space-align-center"]/div[1]/button
2024-08-22 10:14:05 - logger_handler.py - [line:146] - DEBUG - [日志信息]: 点击元素：('xpath', '//div[@class="ant-space ant-space-horizontal ant-space-align-center"]/div[1]/button')
2024-08-22 10:14:06 - logger_handler.py - [line:146] - DEBUG - [日志信息]: 正在定位元素信息：定位方式->  id, 元素值->  devedit_addr
2024-08-22 10:14:07 - logger_handler.py - [line:151] - ERROR - [日志信息]: send_keys事件 报错异常 --->: Message: javascript error: {"status":12,"value":"Element is not currently interactable and may not be manipulated"}
  (Session info: MicrosoftEdge=127.0.2651.105)
Stacktrace:
	GetHandleVerifier [0x00007FF732B31492+11666]
	Microsoft::Applications::Events::ILogConfiguration::operator* [0x00007FF732AD2139+271945]
	(No symbol) [0x00007FF7328EFE7E]
	(No symbol) [0x00007FF7328F5A5F]
	(No symbol) [0x00007FF7328F7901]
	(No symbol) [0x00007FF7328F79A0]
	(No symbol) [0x00007FF73292E767]
	(No symbol) [0x00007FF732955F4A]
	(No symbol) [0x00007FF73292C32D]
	(No symbol) [0x00007FF73292C1FD]
	(No symbol) [0x00007FF732956230]
	(No symbol) [0x00007FF73292C32D]
	(No symbol) [0x00007FF73296FB66]
	(No symbol) [0x00007FF732955BB3]
	(No symbol) [0x00007FF73292B83C]
	(No symbol) [0x00007FF73292AD1D]
	(No symbol) [0x00007FF73292B401]
	Microsoft::Applications::Events::EventProperty::empty [0x00007FF732CAFF64+890196]
	Microsoft::Applications::Events::EventProperty::~EventProperty [0x00007FF732A67BAF+55647]
	Microsoft::Applications::Events::EventProperty::~EventProperty [0x00007FF732A5A787+1335]
	Microsoft::Applications::Events::EventProperty::empty [0x00007FF732CAECBD+885421]
	Microsoft::Applications::Events::ILogConfiguration::operator* [0x00007FF732AD9D91+303777]
	Microsoft::Applications::Events::ILogConfiguration::operator* [0x00007FF732AD6154+288356]
	Microsoft::Applications::Events::ILogConfiguration::operator* [0x00007FF732AD628B+288667]
	Microsoft::Applications::Events::ILogConfiguration::operator* [0x00007FF732ACE190+255648]
	BaseThreadInitThunk [0x00007FFA667F257D+29]
	RtlUserThreadStart [0x00007FFA679CAA58+40]

2024-08-22 10:14:08 - logger_handler.py - [line:146] - DEBUG - [日志信息]: 正在定位元素信息：定位方式->  id, 元素值->  devedit_userName
2024-08-22 10:14:08 - logger_handler.py - [line:151] - ERROR - [日志信息]: send_keys事件 报错异常 --->: Message: javascript error: {"status":12,"value":"Element is not currently interactable and may not be manipulated"}
  (Session info: MicrosoftEdge=127.0.2651.105)
Stacktrace:
	GetHandleVerifier [0x00007FF732B31492+11666]
	Microsoft::Applications::Events::ILogConfiguration::operator* [0x00007FF732AD2139+271945]
	(No symbol) [0x00007FF7328EFE7E]
	(No symbol) [0x00007FF7328F5A5F]
	(No symbol) [0x00007FF7328F7901]
	(No symbol) [0x00007FF7328F79A0]
	(No symbol) [0x00007FF73292E767]
	(No symbol) [0x00007FF732955F4A]
	(No symbol) [0x00007FF73292C32D]
	(No symbol) [0x00007FF73292C1FD]
	(No symbol) [0x00007FF732956230]
	(No symbol) [0x00007FF73292C32D]
	(No symbol) [0x00007FF73296FB66]
	(No symbol) [0x00007FF732955BB3]
	(No symbol) [0x00007FF73292B83C]
	(No symbol) [0x00007FF73292AD1D]
	(No symbol) [0x00007FF73292B401]
	Microsoft::Applications::Events::EventProperty::empty [0x00007FF732CAFF64+890196]
	Microsoft::Applications::Events::EventProperty::~EventProperty [0x00007FF732A67BAF+55647]
	Microsoft::Applications::Events::EventProperty::~EventProperty [0x00007FF732A5A787+1335]
	Microsoft::Applications::Events::EventProperty::empty [0x00007FF732CAECBD+885421]
	Microsoft::Applications::Events::ILogConfiguration::operator* [0x00007FF732AD9D91+303777]
	Microsoft::Applications::Events::ILogConfiguration::operator* [0x00007FF732AD6154+288356]
	Microsoft::Applications::Events::ILogConfiguration::operator* [0x00007FF732AD628B+288667]
	Microsoft::Applications::Events::ILogConfiguration::operator* [0x00007FF732ACE190+255648]
	BaseThreadInitThunk [0x00007FFA667F257D+29]
	RtlUserThreadStart [0x00007FFA679CAA58+40]

2024-08-22 10:14:09 - logger_handler.py - [line:146] - DEBUG - [日志信息]: 正在定位元素信息：定位方式->  id, 元素值->  devedit_passWord
2024-08-22 10:14:10 - logger_handler.py - [line:151] - ERROR - [日志信息]: send_keys事件 报错异常 --->: Message: javascript error: {"status":12,"value":"Element is not currently interactable and may not be manipulated"}
  (Session info: MicrosoftEdge=127.0.2651.105)
Stacktrace:
	GetHandleVerifier [0x00007FF732B31492+11666]
	Microsoft::Applications::Events::ILogConfiguration::operator* [0x00007FF732AD2139+271945]
	(No symbol) [0x00007FF7328EFE7E]
	(No symbol) [0x00007FF7328F5A5F]
	(No symbol) [0x00007FF7328F7901]
	(No symbol) [0x00007FF7328F79A0]
	(No symbol) [0x00007FF73292E767]
	(No symbol) [0x00007FF732955F4A]
	(No symbol) [0x00007FF73292C32D]
	(No symbol) [0x00007FF73292C1FD]
	(No symbol) [0x00007FF732956230]
	(No symbol) [0x00007FF73292C32D]
	(No symbol) [0x00007FF73296FB66]
	(No symbol) [0x00007FF732955BB3]
	(No symbol) [0x00007FF73292B83C]
	(No symbol) [0x00007FF73292AD1D]
	(No symbol) [0x00007FF73292B401]
	Microsoft::Applications::Events::EventProperty::empty [0x00007FF732CAFF64+890196]
	Microsoft::Applications::Events::EventProperty::~EventProperty [0x00007FF732A67BAF+55647]
	Microsoft::Applications::Events::EventProperty::~EventProperty [0x00007FF732A5A787+1335]
	Microsoft::Applications::Events::EventProperty::empty [0x00007FF732CAECBD+885421]
	Microsoft::Applications::Events::ILogConfiguration::operator* [0x00007FF732AD9D91+303777]
	Microsoft::Applications::Events::ILogConfiguration::operator* [0x00007FF732AD6154+288356]
	Microsoft::Applications::Events::ILogConfiguration::operator* [0x00007FF732AD628B+288667]
	Microsoft::Applications::Events::ILogConfiguration::operator* [0x00007FF732ACE190+255648]
	BaseThreadInitThunk [0x00007FFA667F257D+29]
	RtlUserThreadStart [0x00007FFA679CAA58+40]

2024-08-22 10:14:10 - logger_handler.py - [line:146] - DEBUG - [日志信息]: 正在定位元素信息：定位方式->  xpath, 元素值->  //div[@class='subottom']//button[2]
2024-08-22 10:14:58 - logger_handler.py - [line:146] - DEBUG - [日志信息]: ----------测试开始----------
2024-08-22 10:14:58 - logger_handler.py - [line:146] - DEBUG - [日志信息]: 浏览器最大化
2024-08-22 10:14:58 - logger_handler.py - [line:146] - DEBUG - [日志信息]: 读取url：https://localhost:9072/#/user/login?redirect=%2Foverview%2Fdashboard
2024-08-22 10:14:58 - logger_handler.py - [line:146] - DEBUG - [日志信息]: 正在定位元素信息：定位方式->  xpath, 元素值->  //div[@class='nav-wrapper']//button[3]
2024-08-22 10:14:58 - logger_handler.py - [line:146] - DEBUG - [日志信息]: 点击元素：('xpath', "//div[@class='nav-wrapper']//button[3]")
2024-08-22 10:14:58 - logger_handler.py - [line:146] - DEBUG - [日志信息]: 正在定位元素信息：定位方式->  xpath, 元素值->  //a[@class='small-link']
2024-08-22 10:15:00 - logger_handler.py - [line:146] - DEBUG - [日志信息]: 点击元素：('xpath', "//a[@class='small-link']")
2024-08-22 10:15:00 - logger_handler.py - [line:146] - DEBUG - [日志信息]: 正在定位元素信息：定位方式->  xpath, 元素值->  //p[@class='a-logo']
2024-08-22 10:15:01 - logger_handler.py - [line:146] - DEBUG - [日志信息]: 正在定位元素信息：定位方式->  id, 元素值->  username
2024-08-22 10:15:02 - logger_handler.py - [line:146] - DEBUG - [日志信息]: --->  输入的值：admin
2024-08-22 10:15:03 - logger_handler.py - [line:146] - DEBUG - [日志信息]: 正在定位元素信息：定位方式->  id, 元素值->  password
2024-08-22 10:15:05 - logger_handler.py - [line:146] - DEBUG - [日志信息]: --->  输入的值：admin
2024-08-22 10:15:05 - logger_handler.py - [line:146] - DEBUG - [日志信息]: 正在定位元素信息：定位方式->  xpath, 元素值->  //button[@type='submit']
2024-08-22 10:15:05 - logger_handler.py - [line:146] - DEBUG - [日志信息]: 点击元素：('xpath', "//button[@type='submit']")
2024-08-22 10:15:10 - logger_handler.py - [line:146] - DEBUG - [日志信息]: 正在定位元素信息：定位方式->  xpath, 元素值->  //ul[@role='menu']//li[3]//div[@aria-haspopup='true']
2024-08-22 10:15:10 - logger_handler.py - [line:146] - DEBUG - [日志信息]: 点击元素：('xpath', "//ul[@role='menu']//li[3]//div[@aria-haspopup='true']")
2024-08-22 10:15:10 - logger_handler.py - [line:146] - DEBUG - [日志信息]: 正在定位元素信息：定位方式->  xpath, 元素值->  //ul[@role="menu"]//li[3]//div[@aria-haspopup="true"]/../ul/li[4]
2024-08-22 10:15:11 - logger_handler.py - [line:146] - DEBUG - [日志信息]: 点击元素：('xpath', '//ul[@role="menu"]//li[3]//div[@aria-haspopup="true"]/../ul/li[4]')
2024-08-22 10:15:11 - logger_handler.py - [line:146] - DEBUG - [日志信息]: 正在定位元素信息：定位方式->  xpath, 元素值->  //div[@class="ant-space ant-space-horizontal ant-space-align-center"]/div[1]/button
2024-08-22 10:15:11 - logger_handler.py - [line:146] - DEBUG - [日志信息]: 点击元素：('xpath', '//div[@class="ant-space ant-space-horizontal ant-space-align-center"]/div[1]/button')
2024-08-22 10:15:12 - logger_handler.py - [line:146] - DEBUG - [日志信息]: 正在定位元素信息：定位方式->  id, 元素值->  devedit_addr
2024-08-22 10:15:12 - logger_handler.py - [line:151] - ERROR - [日志信息]: send_keys事件 报错异常 --->: Message: javascript error: {"status":12,"value":"Element is not currently interactable and may not be manipulated"}
  (Session info: MicrosoftEdge=127.0.2651.105)
Stacktrace:
	GetHandleVerifier [0x00007FF732B31492+11666]
	Microsoft::Applications::Events::ILogConfiguration::operator* [0x00007FF732AD2139+271945]
	(No symbol) [0x00007FF7328EFE7E]
	(No symbol) [0x00007FF7328F5A5F]
	(No symbol) [0x00007FF7328F7901]
	(No symbol) [0x00007FF7328F79A0]
	(No symbol) [0x00007FF73292E767]
	(No symbol) [0x00007FF732955F4A]
	(No symbol) [0x00007FF73292C32D]
	(No symbol) [0x00007FF73292C1FD]
	(No symbol) [0x00007FF732956230]
	(No symbol) [0x00007FF73292C32D]
	(No symbol) [0x00007FF73296FB66]
	(No symbol) [0x00007FF732955BB3]
	(No symbol) [0x00007FF73292B83C]
	(No symbol) [0x00007FF73292AD1D]
	(No symbol) [0x00007FF73292B401]
	Microsoft::Applications::Events::EventProperty::empty [0x00007FF732CAFF64+890196]
	Microsoft::Applications::Events::EventProperty::~EventProperty [0x00007FF732A67BAF+55647]
	Microsoft::Applications::Events::EventProperty::~EventProperty [0x00007FF732A5A787+1335]
	Microsoft::Applications::Events::EventProperty::empty [0x00007FF732CAECBD+885421]
	Microsoft::Applications::Events::ILogConfiguration::operator* [0x00007FF732AD9D91+303777]
	Microsoft::Applications::Events::ILogConfiguration::operator* [0x00007FF732AD6154+288356]
	Microsoft::Applications::Events::ILogConfiguration::operator* [0x00007FF732AD628B+288667]
	Microsoft::Applications::Events::ILogConfiguration::operator* [0x00007FF732ACE190+255648]
	BaseThreadInitThunk [0x00007FFA667F257D+29]
	RtlUserThreadStart [0x00007FFA679CAA58+40]

2024-08-22 10:15:13 - logger_handler.py - [line:146] - DEBUG - [日志信息]: 正在定位元素信息：定位方式->  id, 元素值->  devedit_userName
2024-08-22 10:15:14 - logger_handler.py - [line:151] - ERROR - [日志信息]: send_keys事件 报错异常 --->: Message: javascript error: {"status":12,"value":"Element is not currently interactable and may not be manipulated"}
  (Session info: MicrosoftEdge=127.0.2651.105)
Stacktrace:
	GetHandleVerifier [0x00007FF732B31492+11666]
	Microsoft::Applications::Events::ILogConfiguration::operator* [0x00007FF732AD2139+271945]
	(No symbol) [0x00007FF7328EFE7E]
	(No symbol) [0x00007FF7328F5A5F]
	(No symbol) [0x00007FF7328F7901]
	(No symbol) [0x00007FF7328F79A0]
	(No symbol) [0x00007FF73292E767]
	(No symbol) [0x00007FF732955F4A]
	(No symbol) [0x00007FF73292C32D]
	(No symbol) [0x00007FF73292C1FD]
	(No symbol) [0x00007FF732956230]
	(No symbol) [0x00007FF73292C32D]
	(No symbol) [0x00007FF73296FB66]
	(No symbol) [0x00007FF732955BB3]
	(No symbol) [0x00007FF73292B83C]
	(No symbol) [0x00007FF73292AD1D]
	(No symbol) [0x00007FF73292B401]
	Microsoft::Applications::Events::EventProperty::empty [0x00007FF732CAFF64+890196]
	Microsoft::Applications::Events::EventProperty::~EventProperty [0x00007FF732A67BAF+55647]
	Microsoft::Applications::Events::EventProperty::~EventProperty [0x00007FF732A5A787+1335]
	Microsoft::Applications::Events::EventProperty::empty [0x00007FF732CAECBD+885421]
	Microsoft::Applications::Events::ILogConfiguration::operator* [0x00007FF732AD9D91+303777]
	Microsoft::Applications::Events::ILogConfiguration::operator* [0x00007FF732AD6154+288356]
	Microsoft::Applications::Events::ILogConfiguration::operator* [0x00007FF732AD628B+288667]
	Microsoft::Applications::Events::ILogConfiguration::operator* [0x00007FF732ACE190+255648]
	BaseThreadInitThunk [0x00007FFA667F257D+29]
	RtlUserThreadStart [0x00007FFA679CAA58+40]

2024-08-22 10:15:15 - logger_handler.py - [line:146] - DEBUG - [日志信息]: 正在定位元素信息：定位方式->  id, 元素值->  devedit_passWord
2024-08-22 10:15:16 - logger_handler.py - [line:151] - ERROR - [日志信息]: send_keys事件 报错异常 --->: Message: javascript error: {"status":12,"value":"Element is not currently interactable and may not be manipulated"}
  (Session info: MicrosoftEdge=127.0.2651.105)
Stacktrace:
	GetHandleVerifier [0x00007FF732B31492+11666]
	Microsoft::Applications::Events::ILogConfiguration::operator* [0x00007FF732AD2139+271945]
	(No symbol) [0x00007FF7328EFE7E]
	(No symbol) [0x00007FF7328F5A5F]
	(No symbol) [0x00007FF7328F7901]
	(No symbol) [0x00007FF7328F79A0]
	(No symbol) [0x00007FF73292E767]
	(No symbol) [0x00007FF732955F4A]
	(No symbol) [0x00007FF73292C32D]
	(No symbol) [0x00007FF73292C1FD]
	(No symbol) [0x00007FF732956230]
	(No symbol) [0x00007FF73292C32D]
	(No symbol) [0x00007FF73296FB66]
	(No symbol) [0x00007FF732955BB3]
	(No symbol) [0x00007FF73292B83C]
	(No symbol) [0x00007FF73292AD1D]
	(No symbol) [0x00007FF73292B401]
	Microsoft::Applications::Events::EventProperty::empty [0x00007FF732CAFF64+890196]
	Microsoft::Applications::Events::EventProperty::~EventProperty [0x00007FF732A67BAF+55647]
	Microsoft::Applications::Events::EventProperty::~EventProperty [0x00007FF732A5A787+1335]
	Microsoft::Applications::Events::EventProperty::empty [0x00007FF732CAECBD+885421]
	Microsoft::Applications::Events::ILogConfiguration::operator* [0x00007FF732AD9D91+303777]
	Microsoft::Applications::Events::ILogConfiguration::operator* [0x00007FF732AD6154+288356]
	Microsoft::Applications::Events::ILogConfiguration::operator* [0x00007FF732AD628B+288667]
	Microsoft::Applications::Events::ILogConfiguration::operator* [0x00007FF732ACE190+255648]
	BaseThreadInitThunk [0x00007FFA667F257D+29]
	RtlUserThreadStart [0x00007FFA679CAA58+40]

2024-08-22 10:15:16 - logger_handler.py - [line:146] - DEBUG - [日志信息]: 正在定位元素信息：定位方式->  xpath, 元素值->  //div[@class='subottom']//button[2]
2024-08-22 10:15:36 - logger_handler.py - [line:151] - ERROR - [日志信息]: find事件  -->  元素查找超时,正在进行第 2 次重试
2024-08-22 10:15:36 - logger_handler.py - [line:146] - DEBUG - [日志信息]: 正在定位元素信息：定位方式->  xpath, 元素值->  //div[@class='subottom']//button[2]
2024-08-22 10:15:56 - logger_handler.py - [line:151] - ERROR - [日志信息]: find事件  -->  元素查找超时,正在进行第 3 次重试
2024-08-22 10:15:56 - logger_handler.py - [line:146] - DEBUG - [日志信息]: 正在定位元素信息：定位方式->  xpath, 元素值->  //div[@class='subottom']//button[2]
2024-08-22 10:16:16 - logger_handler.py - [line:151] - ERROR - [日志信息]: find事件  -->  元素查找超时,正在进行第 4 次重试
2024-08-22 10:16:16 - logger_handler.py - [line:146] - DEBUG - [日志信息]: 正在定位元素信息：定位方式->  xpath, 元素值->  //div[@class='subottom']//button[2]
2024-08-22 10:16:36 - logger_handler.py - [line:151] - ERROR - [日志信息]: find事件  -->  元素查找超时,正在进行第 5 次重试
2024-08-22 10:16:36 - logger_handler.py - [line:146] - DEBUG - [日志信息]: 正在定位元素信息：定位方式->  xpath, 元素值->  //div[@class='subottom']//button[2]
2024-08-22 10:16:57 - logger_handler.py - [line:151] - ERROR - [日志信息]: find事件  -->  元素查找超时,正在进行第 6 次重试
2024-08-22 10:16:57 - logger_handler.py - [line:146] - DEBUG - [日志信息]: 正在定位元素信息：定位方式->  xpath, 元素值->  //div[@class='subottom']//button[2]
2024-08-22 10:17:17 - logger_handler.py - [line:151] - ERROR - [日志信息]: find事件  -->  元素查找超时,正在进行第 7 次重试
2024-08-22 10:17:17 - logger_handler.py - [line:146] - DEBUG - [日志信息]: 正在定位元素信息：定位方式->  xpath, 元素值->  //div[@class='subottom']//button[2]
2024-08-22 10:17:37 - logger_handler.py - [line:151] - ERROR - [日志信息]: find事件  -->  元素查找超时,正在进行第 8 次重试
2024-08-22 10:17:37 - logger_handler.py - [line:146] - DEBUG - [日志信息]: 正在定位元素信息：定位方式->  xpath, 元素值->  //div[@class='subottom']//button[2]
2024-08-22 10:17:38 - logger_handler.py - [line:151] - ERROR - [日志信息]: find事件  -->  浏览器窗口已关闭
2024-08-22 10:17:38 - logger_handler.py - [line:146] - DEBUG - [日志信息]: 正在定位元素信息：定位方式->  xpath, 元素值->  //ul[@role='menu']//li[3]//div[@aria-haspopup='true']
2024-08-22 10:17:38 - logger_handler.py - [line:151] - ERROR - [日志信息]: find事件  -->  浏览器窗口已关闭
2024-08-22 10:18:48 - logger_handler.py - [line:146] - DEBUG - [日志信息]: ----------测试开始----------
2024-08-22 10:18:48 - logger_handler.py - [line:146] - DEBUG - [日志信息]: 浏览器最大化
2024-08-22 10:18:48 - logger_handler.py - [line:146] - DEBUG - [日志信息]: 读取url：https://localhost:9072/#/user/login?redirect=%2Foverview%2Fdashboard
2024-08-22 10:18:48 - logger_handler.py - [line:146] - DEBUG - [日志信息]: 正在定位元素信息：定位方式->  xpath, 元素值->  //div[@class='nav-wrapper']//button[3]
2024-08-22 10:18:48 - logger_handler.py - [line:146] - DEBUG - [日志信息]: 点击元素：('xpath', "//div[@class='nav-wrapper']//button[3]")
2024-08-22 10:18:48 - logger_handler.py - [line:146] - DEBUG - [日志信息]: 正在定位元素信息：定位方式->  xpath, 元素值->  //a[@class='small-link']
2024-08-22 10:18:50 - logger_handler.py - [line:146] - DEBUG - [日志信息]: 点击元素：('xpath', "//a[@class='small-link']")
2024-08-22 10:18:50 - logger_handler.py - [line:146] - DEBUG - [日志信息]: 正在定位元素信息：定位方式->  xpath, 元素值->  //p[@class='a-logo']
2024-08-22 10:18:51 - logger_handler.py - [line:146] - DEBUG - [日志信息]: 正在定位元素信息：定位方式->  id, 元素值->  username
2024-08-22 10:18:52 - logger_handler.py - [line:146] - DEBUG - [日志信息]: --->  输入的值：admin
2024-08-22 10:18:53 - logger_handler.py - [line:146] - DEBUG - [日志信息]: 正在定位元素信息：定位方式->  id, 元素值->  password
2024-08-22 10:18:54 - logger_handler.py - [line:146] - DEBUG - [日志信息]: --->  输入的值：admin
2024-08-22 10:18:54 - logger_handler.py - [line:146] - DEBUG - [日志信息]: 正在定位元素信息：定位方式->  xpath, 元素值->  //button[@type='submit']
2024-08-22 10:18:54 - logger_handler.py - [line:146] - DEBUG - [日志信息]: 点击元素：('xpath', "//button[@type='submit']")
2024-08-22 10:18:59 - logger_handler.py - [line:146] - DEBUG - [日志信息]: 正在定位元素信息：定位方式->  xpath, 元素值->  //ul[@role='menu']//li[3]//div[@aria-haspopup='true']
2024-08-22 10:18:59 - logger_handler.py - [line:146] - DEBUG - [日志信息]: 点击元素：('xpath', "//ul[@role='menu']//li[3]//div[@aria-haspopup='true']")
2024-08-22 10:18:59 - logger_handler.py - [line:146] - DEBUG - [日志信息]: 正在定位元素信息：定位方式->  xpath, 元素值->  //ul[@role="menu"]//li[3]//div[@aria-haspopup="true"]/../ul/li[4]
2024-08-22 10:19:00 - logger_handler.py - [line:146] - DEBUG - [日志信息]: 点击元素：('xpath', '//ul[@role="menu"]//li[3]//div[@aria-haspopup="true"]/../ul/li[4]')
2024-08-22 10:19:00 - logger_handler.py - [line:146] - DEBUG - [日志信息]: 正在定位元素信息：定位方式->  xpath, 元素值->  //div[@class="ant-space ant-space-horizontal ant-space-align-center"]/div[1]/button
2024-08-22 10:19:01 - logger_handler.py - [line:146] - DEBUG - [日志信息]: 点击元素：('xpath', '//div[@class="ant-space ant-space-horizontal ant-space-align-center"]/div[1]/button')
2024-08-22 10:19:02 - logger_handler.py - [line:146] - DEBUG - [日志信息]: 正在定位元素信息：定位方式->  id, 元素值->  devedit_addr
2024-08-22 10:19:03 - logger_handler.py - [line:146] - DEBUG - [日志信息]: --->  输入的值：192.168.4.229
2024-08-22 10:19:04 - logger_handler.py - [line:146] - DEBUG - [日志信息]: 正在定位元素信息：定位方式->  id, 元素值->  devedit_userName
2024-08-22 10:19:05 - logger_handler.py - [line:146] - DEBUG - [日志信息]: --->  输入的值：administrator
2024-08-22 10:19:06 - logger_handler.py - [line:146] - DEBUG - [日志信息]: 正在定位元素信息：定位方式->  id, 元素值->  devedit_passWord
2024-08-22 10:19:07 - logger_handler.py - [line:146] - DEBUG - [日志信息]: --->  输入的值：`1q
2024-08-22 10:19:07 - logger_handler.py - [line:146] - DEBUG - [日志信息]: 正在定位元素信息：定位方式->  xpath, 元素值->  //div[@class='subottom']//button[2]
2024-08-22 10:19:07 - logger_handler.py - [line:146] - DEBUG - [日志信息]: 点击元素：('xpath', "//div[@class='subottom']//button[2]")
2024-08-22 10:19:07 - logger_handler.py - [line:146] - DEBUG - [日志信息]: 正在定位元素信息：定位方式->  xpath, 元素值->  //ul[@role='menu']//li[3]//div[@aria-haspopup='true']
2024-08-22 10:19:08 - logger_handler.py - [line:151] - ERROR - [日志信息]: 点击事件被拦截，尝试重试操作次数 1
2024-08-22 10:19:18 - logger_handler.py - [line:146] - DEBUG - [日志信息]: 正在定位元素信息：定位方式->  xpath, 元素值->  //ul[@role='menu']//li[3]//div[@aria-haspopup='true']
2024-08-22 10:19:19 - logger_handler.py - [line:151] - ERROR - [日志信息]: 点击事件被拦截，尝试重试操作次数 2
2024-08-22 10:19:29 - logger_handler.py - [line:146] - DEBUG - [日志信息]: 正在定位元素信息：定位方式->  xpath, 元素值->  //ul[@role='menu']//li[3]//div[@aria-haspopup='true']
2024-08-22 10:19:30 - logger_handler.py - [line:151] - ERROR - [日志信息]: 点击事件被拦截，尝试重试操作次数 3
2024-08-22 10:19:40 - logger_handler.py - [line:146] - DEBUG - [日志信息]: 正在定位元素信息：定位方式->  xpath, 元素值->  //ul[@role='menu']//li[3]//div[@aria-haspopup='true']
2024-08-22 10:19:41 - logger_handler.py - [line:151] - ERROR - [日志信息]: 点击事件被拦截，尝试重试操作次数 4
2024-08-22 10:19:51 - logger_handler.py - [line:146] - DEBUG - [日志信息]: 正在定位元素信息：定位方式->  xpath, 元素值->  //ul[@role='menu']//li[3]//div[@aria-haspopup='true']
2024-08-22 10:19:52 - logger_handler.py - [line:151] - ERROR - [日志信息]: 点击事件被拦截，尝试重试操作次数 5
2024-08-22 10:20:02 - logger_handler.py - [line:146] - DEBUG - [日志信息]: 正在定位元素信息：定位方式->  xpath, 元素值->  //ul[@role='menu']//li[3]//div[@aria-haspopup='true']
2024-08-22 10:20:03 - logger_handler.py - [line:151] - ERROR - [日志信息]: 点击事件被拦截，尝试重试操作次数 6
2024-08-22 10:20:13 - logger_handler.py - [line:146] - DEBUG - [日志信息]: 正在定位元素信息：定位方式->  xpath, 元素值->  //ul[@role='menu']//li[3]//div[@aria-haspopup='true']
2024-08-22 10:20:14 - logger_handler.py - [line:151] - ERROR - [日志信息]: 点击事件被拦截，尝试重试操作次数 7
2024-08-22 10:20:24 - logger_handler.py - [line:146] - DEBUG - [日志信息]: 正在定位元素信息：定位方式->  xpath, 元素值->  //ul[@role='menu']//li[3]//div[@aria-haspopup='true']
2024-08-22 10:20:24 - logger_handler.py - [line:146] - DEBUG - [日志信息]: 点击元素：('xpath', "//ul[@role='menu']//li[3]//div[@aria-haspopup='true']")
2024-08-22 10:20:24 - logger_handler.py - [line:146] - DEBUG - [日志信息]: 正在定位元素信息：定位方式->  xpath, 元素值->  //ul[@role="menu"]//li[3]//div[@aria-haspopup="true"]/../ul/li[5]
2024-08-22 10:20:24 - logger_handler.py - [line:146] - DEBUG - [日志信息]: 点击元素：('xpath', '//ul[@role="menu"]//li[3]//div[@aria-haspopup="true"]/../ul/li[5]')
2024-08-22 10:20:24 - logger_handler.py - [line:146] - DEBUG - [日志信息]: 正在定位元素信息：定位方式->  xpath, 元素值->  //div[@class="ant-space ant-space-horizontal ant-space-align-center"]/div[1]/button
2024-08-22 10:20:25 - logger_handler.py - [line:146] - DEBUG - [日志信息]: 点击元素：('xpath', '//div[@class="ant-space ant-space-horizontal ant-space-align-center"]/div[1]/button')
2024-08-22 10:20:26 - logger_handler.py - [line:146] - DEBUG - [日志信息]: 正在定位元素信息：定位方式->  id, 元素值->  devedit_addr
2024-08-22 10:20:26 - logger_handler.py - [line:151] - ERROR - [日志信息]: send_keys事件 报错异常 --->: Message: javascript error: {"status":12,"value":"Element is not currently interactable and may not be manipulated"}
  (Session info: MicrosoftEdge=127.0.2651.105)
Stacktrace:
	GetHandleVerifier [0x00007FF732B31492+11666]
	Microsoft::Applications::Events::ILogConfiguration::operator* [0x00007FF732AD2139+271945]
	(No symbol) [0x00007FF7328EFE7E]
	(No symbol) [0x00007FF7328F5A5F]
	(No symbol) [0x00007FF7328F7901]
	(No symbol) [0x00007FF7328F79A0]
	(No symbol) [0x00007FF73292E767]
	(No symbol) [0x00007FF732955F4A]
	(No symbol) [0x00007FF73292C32D]
	(No symbol) [0x00007FF73292C1FD]
	(No symbol) [0x00007FF732956230]
	(No symbol) [0x00007FF73292C32D]
	(No symbol) [0x00007FF73296FB66]
	(No symbol) [0x00007FF732955BB3]
	(No symbol) [0x00007FF73292B83C]
	(No symbol) [0x00007FF73292AD1D]
	(No symbol) [0x00007FF73292B401]
	Microsoft::Applications::Events::EventProperty::empty [0x00007FF732CAFF64+890196]
	Microsoft::Applications::Events::EventProperty::~EventProperty [0x00007FF732A67BAF+55647]
	Microsoft::Applications::Events::EventProperty::~EventProperty [0x00007FF732A5A787+1335]
	Microsoft::Applications::Events::EventProperty::empty [0x00007FF732CAECBD+885421]
	Microsoft::Applications::Events::ILogConfiguration::operator* [0x00007FF732AD9D91+303777]
	Microsoft::Applications::Events::ILogConfiguration::operator* [0x00007FF732AD6154+288356]
	Microsoft::Applications::Events::ILogConfiguration::operator* [0x00007FF732AD628B+288667]
	Microsoft::Applications::Events::ILogConfiguration::operator* [0x00007FF732ACE190+255648]
	BaseThreadInitThunk [0x00007FFA667F257D+29]
	RtlUserThreadStart [0x00007FFA679CAA58+40]

2024-08-22 10:20:27 - logger_handler.py - [line:146] - DEBUG - [日志信息]: 正在定位元素信息：定位方式->  id, 元素值->  devedit_userName
2024-08-22 10:20:28 - logger_handler.py - [line:151] - ERROR - [日志信息]: send_keys事件 报错异常 --->: Message: javascript error: {"status":12,"value":"Element is not currently interactable and may not be manipulated"}
  (Session info: MicrosoftEdge=127.0.2651.105)
Stacktrace:
	GetHandleVerifier [0x00007FF732B31492+11666]
	Microsoft::Applications::Events::ILogConfiguration::operator* [0x00007FF732AD2139+271945]
	(No symbol) [0x00007FF7328EFE7E]
	(No symbol) [0x00007FF7328F5A5F]
	(No symbol) [0x00007FF7328F7901]
	(No symbol) [0x00007FF7328F79A0]
	(No symbol) [0x00007FF73292E767]
	(No symbol) [0x00007FF732955F4A]
	(No symbol) [0x00007FF73292C32D]
	(No symbol) [0x00007FF73292C1FD]
	(No symbol) [0x00007FF732956230]
	(No symbol) [0x00007FF73292C32D]
	(No symbol) [0x00007FF73296FB66]
	(No symbol) [0x00007FF732955BB3]
	(No symbol) [0x00007FF73292B83C]
	(No symbol) [0x00007FF73292AD1D]
	(No symbol) [0x00007FF73292B401]
	Microsoft::Applications::Events::EventProperty::empty [0x00007FF732CAFF64+890196]
	Microsoft::Applications::Events::EventProperty::~EventProperty [0x00007FF732A67BAF+55647]
	Microsoft::Applications::Events::EventProperty::~EventProperty [0x00007FF732A5A787+1335]
	Microsoft::Applications::Events::EventProperty::empty [0x00007FF732CAECBD+885421]
	Microsoft::Applications::Events::ILogConfiguration::operator* [0x00007FF732AD9D91+303777]
	Microsoft::Applications::Events::ILogConfiguration::operator* [0x00007FF732AD6154+288356]
	Microsoft::Applications::Events::ILogConfiguration::operator* [0x00007FF732AD628B+288667]
	Microsoft::Applications::Events::ILogConfiguration::operator* [0x00007FF732ACE190+255648]
	BaseThreadInitThunk [0x00007FFA667F257D+29]
	RtlUserThreadStart [0x00007FFA679CAA58+40]

2024-08-22 10:20:29 - logger_handler.py - [line:146] - DEBUG - [日志信息]: 正在定位元素信息：定位方式->  id, 元素值->  devedit_passWord
2024-08-22 10:20:29 - logger_handler.py - [line:151] - ERROR - [日志信息]: send_keys事件 报错异常 --->: Message: javascript error: {"status":12,"value":"Element is not currently interactable and may not be manipulated"}
  (Session info: MicrosoftEdge=127.0.2651.105)
Stacktrace:
	GetHandleVerifier [0x00007FF732B31492+11666]
	Microsoft::Applications::Events::ILogConfiguration::operator* [0x00007FF732AD2139+271945]
	(No symbol) [0x00007FF7328EFE7E]
	(No symbol) [0x00007FF7328F5A5F]
	(No symbol) [0x00007FF7328F7901]
	(No symbol) [0x00007FF7328F79A0]
	(No symbol) [0x00007FF73292E767]
	(No symbol) [0x00007FF732955F4A]
	(No symbol) [0x00007FF73292C32D]
	(No symbol) [0x00007FF73292C1FD]
	(No symbol) [0x00007FF732956230]
	(No symbol) [0x00007FF73292C32D]
	(No symbol) [0x00007FF73296FB66]
	(No symbol) [0x00007FF732955BB3]
	(No symbol) [0x00007FF73292B83C]
	(No symbol) [0x00007FF73292AD1D]
	(No symbol) [0x00007FF73292B401]
	Microsoft::Applications::Events::EventProperty::empty [0x00007FF732CAFF64+890196]
	Microsoft::Applications::Events::EventProperty::~EventProperty [0x00007FF732A67BAF+55647]
	Microsoft::Applications::Events::EventProperty::~EventProperty [0x00007FF732A5A787+1335]
	Microsoft::Applications::Events::EventProperty::empty [0x00007FF732CAECBD+885421]
	Microsoft::Applications::Events::ILogConfiguration::operator* [0x00007FF732AD9D91+303777]
	Microsoft::Applications::Events::ILogConfiguration::operator* [0x00007FF732AD6154+288356]
	Microsoft::Applications::Events::ILogConfiguration::operator* [0x00007FF732AD628B+288667]
	Microsoft::Applications::Events::ILogConfiguration::operator* [0x00007FF732ACE190+255648]
	BaseThreadInitThunk [0x00007FFA667F257D+29]
	RtlUserThreadStart [0x00007FFA679CAA58+40]

2024-08-22 10:20:29 - logger_handler.py - [line:146] - DEBUG - [日志信息]: 正在定位元素信息：定位方式->  xpath, 元素值->  //div[@class='subottom']//button[2]
2024-08-22 10:32:38 - logger_handler.py - [line:146] - DEBUG - [日志信息]: ----------测试开始----------
2024-08-22 10:32:38 - logger_handler.py - [line:146] - DEBUG - [日志信息]: 浏览器最大化
2024-08-22 10:32:39 - logger_handler.py - [line:146] - DEBUG - [日志信息]: 读取url：https://localhost:9072/#/user/login?redirect=%2Foverview%2Fdashboard
2024-08-22 10:32:39 - logger_handler.py - [line:146] - DEBUG - [日志信息]: 正在定位元素信息：定位方式->  xpath, 元素值->  //div[@class='nav-wrapper']//button[3]
2024-08-22 10:32:39 - logger_handler.py - [line:146] - DEBUG - [日志信息]: 点击元素：('xpath', "//div[@class='nav-wrapper']//button[3]")
2024-08-22 10:32:39 - logger_handler.py - [line:146] - DEBUG - [日志信息]: 正在定位元素信息：定位方式->  xpath, 元素值->  //a[@class='small-link']
2024-08-22 10:32:41 - logger_handler.py - [line:146] - DEBUG - [日志信息]: 点击元素：('xpath', "//a[@class='small-link']")
2024-08-22 10:32:41 - logger_handler.py - [line:146] - DEBUG - [日志信息]: 正在定位元素信息：定位方式->  xpath, 元素值->  //p[@class='a-logo']
2024-08-22 10:32:42 - logger_handler.py - [line:146] - DEBUG - [日志信息]: 正在定位元素信息：定位方式->  id, 元素值->  username
2024-08-22 10:32:43 - logger_handler.py - [line:146] - DEBUG - [日志信息]: --->  输入的值：admin
2024-08-22 10:32:44 - logger_handler.py - [line:146] - DEBUG - [日志信息]: 正在定位元素信息：定位方式->  id, 元素值->  password
2024-08-22 10:32:45 - logger_handler.py - [line:146] - DEBUG - [日志信息]: --->  输入的值：admin
2024-08-22 10:32:45 - logger_handler.py - [line:146] - DEBUG - [日志信息]: 正在定位元素信息：定位方式->  xpath, 元素值->  //button[@type='submit']
2024-08-22 10:32:45 - logger_handler.py - [line:146] - DEBUG - [日志信息]: 点击元素：('xpath', "//button[@type='submit']")
2024-08-22 10:32:50 - logger_handler.py - [line:146] - DEBUG - [日志信息]: 正在定位元素信息：定位方式->  xpath, 元素值->  //ul[@role='menu']//li[3]//div[@aria-haspopup='true']
2024-08-22 10:32:52 - logger_handler.py - [line:146] - DEBUG - [日志信息]: 点击元素：('xpath', "//ul[@role='menu']//li[3]//div[@aria-haspopup='true']")
2024-08-22 10:32:52 - logger_handler.py - [line:146] - DEBUG - [日志信息]: 正在定位元素信息：定位方式->  xpath, 元素值->  //ul[@role="menu"]//li[3]//div[@aria-haspopup="true"]/../ul/li[1]
2024-08-22 10:32:53 - logger_handler.py - [line:146] - DEBUG - [日志信息]: 点击元素：('xpath', '//ul[@role="menu"]//li[3]//div[@aria-haspopup="true"]/../ul/li[1]')
2024-08-22 10:32:53 - logger_handler.py - [line:146] - DEBUG - [日志信息]: 正在定位元素信息：定位方式->  xpath, 元素值->  //div[@class="ant-space ant-space-horizontal ant-space-align-center"]/div[1]/button
2024-08-22 10:32:53 - logger_handler.py - [line:146] - DEBUG - [日志信息]: 点击元素：('xpath', '//div[@class="ant-space ant-space-horizontal ant-space-align-center"]/div[1]/button')
2024-08-22 10:32:54 - logger_handler.py - [line:146] - DEBUG - [日志信息]: 正在定位元素信息：定位方式->  id, 元素值->  devedit_addr
2024-08-22 10:32:55 - logger_handler.py - [line:146] - DEBUG - [日志信息]: --->  输入的值：192.168.4.229
2024-08-22 10:32:56 - logger_handler.py - [line:146] - DEBUG - [日志信息]: 正在定位元素信息：定位方式->  id, 元素值->  devedit_userName
2024-08-22 10:32:58 - logger_handler.py - [line:146] - DEBUG - [日志信息]: --->  输入的值：administrator
2024-08-22 10:32:59 - logger_handler.py - [line:146] - DEBUG - [日志信息]: 正在定位元素信息：定位方式->  id, 元素值->  devedit_passWord
2024-08-22 10:33:00 - logger_handler.py - [line:146] - DEBUG - [日志信息]: --->  输入的值：`1q
2024-08-22 10:33:01 - logger_handler.py - [line:146] - DEBUG - [日志信息]: 正在定位元素信息：定位方式->  xpath, 元素值->  //div[@class="ant-form-explain"]
2024-08-22 10:33:01 - logger_handler.py - [line:144] - INFO - [日志信息]: 获取文本内容：设备IP地址已经存在。
2024-08-22 10:33:03 - logger_handler.py - [line:146] - DEBUG - [日志信息]: ----------测试结束----------
2024-08-22 10:35:09 - logger_handler.py - [line:146] - DEBUG - [日志信息]: ----------测试开始----------
2024-08-22 10:35:09 - logger_handler.py - [line:146] - DEBUG - [日志信息]: 浏览器最大化
2024-08-22 10:35:09 - logger_handler.py - [line:146] - DEBUG - [日志信息]: 读取url：https://localhost:9072/#/user/login?redirect=%2Foverview%2Fdashboard
2024-08-22 10:35:09 - logger_handler.py - [line:146] - DEBUG - [日志信息]: 正在定位元素信息：定位方式->  xpath, 元素值->  //div[@class='nav-wrapper']//button[3]
2024-08-22 10:35:09 - logger_handler.py - [line:146] - DEBUG - [日志信息]: 点击元素：('xpath', "//div[@class='nav-wrapper']//button[3]")
2024-08-22 10:35:09 - logger_handler.py - [line:146] - DEBUG - [日志信息]: 正在定位元素信息：定位方式->  xpath, 元素值->  //a[@class='small-link']
2024-08-22 10:35:11 - logger_handler.py - [line:146] - DEBUG - [日志信息]: 点击元素：('xpath', "//a[@class='small-link']")
2024-08-22 10:35:11 - logger_handler.py - [line:146] - DEBUG - [日志信息]: 正在定位元素信息：定位方式->  xpath, 元素值->  //p[@class='a-logo']
2024-08-22 10:35:12 - logger_handler.py - [line:146] - DEBUG - [日志信息]: 正在定位元素信息：定位方式->  id, 元素值->  username
2024-08-22 10:35:14 - logger_handler.py - [line:146] - DEBUG - [日志信息]: --->  输入的值：admin
2024-08-22 10:35:15 - logger_handler.py - [line:146] - DEBUG - [日志信息]: 正在定位元素信息：定位方式->  id, 元素值->  password
2024-08-22 10:35:16 - logger_handler.py - [line:146] - DEBUG - [日志信息]: --->  输入的值：admin
2024-08-22 10:35:16 - logger_handler.py - [line:146] - DEBUG - [日志信息]: 正在定位元素信息：定位方式->  xpath, 元素值->  //button[@type='submit']
2024-08-22 10:35:16 - logger_handler.py - [line:146] - DEBUG - [日志信息]: 点击元素：('xpath', "//button[@type='submit']")
2024-08-22 10:35:21 - logger_handler.py - [line:146] - DEBUG - [日志信息]: 正在定位元素信息：定位方式->  xpath, 元素值->  //ul[@role='menu']//li[3]//div[@aria-haspopup='true']
2024-08-22 10:35:23 - logger_handler.py - [line:146] - DEBUG - [日志信息]: 点击元素：('xpath', "//ul[@role='menu']//li[3]//div[@aria-haspopup='true']")
2024-08-22 10:35:23 - logger_handler.py - [line:146] - DEBUG - [日志信息]: 正在定位元素信息：定位方式->  xpath, 元素值->  //ul[@role="menu"]//li[3]//div[@aria-haspopup="true"]/../ul/li[4]
2024-08-22 10:35:24 - logger_handler.py - [line:146] - DEBUG - [日志信息]: 点击元素：('xpath', '//ul[@role="menu"]//li[3]//div[@aria-haspopup="true"]/../ul/li[4]')
2024-08-22 10:35:24 - logger_handler.py - [line:146] - DEBUG - [日志信息]: 正在定位元素信息：定位方式->  xpath, 元素值->  //div[@class="ant-space ant-space-horizontal ant-space-align-center"]/div[1]/button
2024-08-22 10:35:24 - logger_handler.py - [line:146] - DEBUG - [日志信息]: 点击元素：('xpath', '//div[@class="ant-space ant-space-horizontal ant-space-align-center"]/div[1]/button')
2024-08-22 10:35:25 - logger_handler.py - [line:146] - DEBUG - [日志信息]: 正在定位元素信息：定位方式->  id, 元素值->  devedit_addr
2024-08-22 10:35:26 - logger_handler.py - [line:146] - DEBUG - [日志信息]: --->  输入的值：192.168.4.229
2024-08-22 10:35:27 - logger_handler.py - [line:146] - DEBUG - [日志信息]: 正在定位元素信息：定位方式->  id, 元素值->  devedit_userName
2024-08-22 10:35:28 - logger_handler.py - [line:146] - DEBUG - [日志信息]: --->  输入的值：administrator
2024-08-22 10:35:29 - logger_handler.py - [line:146] - DEBUG - [日志信息]: 正在定位元素信息：定位方式->  id, 元素值->  devedit_passWord
2024-08-22 10:35:30 - logger_handler.py - [line:146] - DEBUG - [日志信息]: --->  输入的值：`1q
2024-08-22 10:35:41 - logger_handler.py - [line:151] - ERROR - [日志信息]: 发送错误: Message: 
Stacktrace:
	GetHandleVerifier [0x00007FF732B31492+11666]
	Microsoft::Applications::Events::ILogConfiguration::operator* [0x00007FF732AD2139+271945]
	(No symbol) [0x00007FF7328EFE7E]
	(No symbol) [0x00007FF73293698A]
	(No symbol) [0x00007FF732936A11]
	(No symbol) [0x00007FF732972107]
	(No symbol) [0x00007FF732955F8F]
	(No symbol) [0x00007FF73292C32D]
	(No symbol) [0x00007FF73296FB66]
	(No symbol) [0x00007FF732955BB3]
	(No symbol) [0x00007FF73292B83C]
	(No symbol) [0x00007FF73292AD1D]
	(No symbol) [0x00007FF73292B401]
	Microsoft::Applications::Events::EventProperty::empty [0x00007FF732CAFF64+890196]
	Microsoft::Applications::Events::EventProperty::~EventProperty [0x00007FF732A67BAF+55647]
	Microsoft::Applications::Events::EventProperty::~EventProperty [0x00007FF732A5A787+1335]
	Microsoft::Applications::Events::EventProperty::empty [0x00007FF732CAECBD+885421]
	Microsoft::Applications::Events::ILogConfiguration::operator* [0x00007FF732AD9D91+303777]
	Microsoft::Applications::Events::ILogConfiguration::operator* [0x00007FF732AD6154+288356]
	Microsoft::Applications::Events::ILogConfiguration::operator* [0x00007FF732AD628B+288667]
	Microsoft::Applications::Events::ILogConfiguration::operator* [0x00007FF732ACE190+255648]
	BaseThreadInitThunk [0x00007FFA667F257D+29]
	RtlUserThreadStart [0x00007FFA679CAA58+40]

2024-08-22 10:35:41 - logger_handler.py - [line:146] - DEBUG - [日志信息]: 正在定位元素信息：定位方式->  xpath, 元素值->  //div[@class='subottom']//button[2]
2024-08-22 10:35:41 - logger_handler.py - [line:146] - DEBUG - [日志信息]: 点击元素：('xpath', "//div[@class='subottom']//button[2]")
2024-08-22 10:35:42 - logger_handler.py - [line:146] - DEBUG - [日志信息]: 正在定位元素信息：定位方式->  xpath, 元素值->  //form/div[4]//p
2024-08-22 10:36:02 - logger_handler.py - [line:151] - ERROR - [日志信息]: find事件  -->  元素查找超时,正在进行第 2 次重试
2024-08-22 10:36:02 - logger_handler.py - [line:146] - DEBUG - [日志信息]: 正在定位元素信息：定位方式->  xpath, 元素值->  //form/div[4]//p
2024-08-22 10:36:22 - logger_handler.py - [line:151] - ERROR - [日志信息]: find事件  -->  元素查找超时,正在进行第 3 次重试
2024-08-22 10:36:22 - logger_handler.py - [line:146] - DEBUG - [日志信息]: 正在定位元素信息：定位方式->  xpath, 元素值->  //form/div[4]//p
